This is pdfTeX, Version 3.1415926-2.3-1.40.12 (TeX Live 2011) (format=pdflatex 2011.7.3)  20 FEB 2012 05:23
entering extended mode
 \write18 enabled.
 file:line:error style messages enabled.
 %&-line parsing enabled.
**main.tex
(./main.tex
LaTeX2e <2009/09/24>
Babel <v3.8l> and hyphenation patterns for english, dumylang, nohyphenation, ge
rman-x-2009-06-19, ngerman-x-2009-06-19, afrikaans, ancientgreek, ibycus, arabi
c, armenian, basque, bulgarian, catalan, pinyin, coptic, croatian, czech, danis
h, dutch, ukenglish, usenglishmax, esperanto, estonian, ethiopic, farsi, finnis
h, french, galician, german, ngerman, swissgerman, monogreek, greek, hungarian,
 icelandic, assamese, bengali, gujarati, hindi, kannada, malayalam, marathi, or
iya, panjabi, tamil, telugu, indonesian, interlingua, irish, italian, kurmanji,
 lao, latin, latvian, lithuanian, mongolian, mongolianlmc, bokmal, nynorsk, pol
ish, portuguese, romanian, russian, sanskrit, serbian, serbianc, slovak, sloven
ian, spanish, swedish, turkish, turkmen, ukrainian, uppersorbian, welsh, loaded
.
(/usr/local/texlive/2011/texmf-dist/tex/latex/base/article.cls
Document Class: article 2007/10/19 v1.4h Standard LaTeX document class
(/usr/local/texlive/2011/texmf-dist/tex/latex/base/size10.clo
File: size10.clo 2007/10/19 v1.4h Standard LaTeX file (size option)
)
\c@part=\count79
\c@section=\count80
\c@subsection=\count81
\c@subsubsection=\count82
\c@paragraph=\count83
\c@subparagraph=\count84
\c@figure=\count85
\c@table=\count86
\abovecaptionskip=\skip41
\belowcaptionskip=\skip42
\bibindent=\dimen102
)
(/usr/local/texlive/2011/texmf-dist/tex/latex/base/inputenc.sty
Package: inputenc 2008/03/30 v1.1d Input encoding file
\inpenc@prehook=\toks14
\inpenc@posthook=\toks15

(/usr/local/texlive/2011/texmf-dist/tex/latex/base/applemac.def
File: applemac.def 2008/03/30 v1.1d Input encoding file
))
(/usr/local/texlive/2011/texmf-dist/tex/latex/lm/lmodern.sty
Package: lmodern 2009/10/30 v1.6 Latin Modern Fonts
LaTeX Font Info:    Overwriting symbol font `operators' in version `normal'
(Font)                  OT1/cmr/m/n --> OT1/lmr/m/n on input line 22.
LaTeX Font Info:    Overwriting symbol font `letters' in version `normal'
(Font)                  OML/cmm/m/it --> OML/lmm/m/it on input line 23.
LaTeX Font Info:    Overwriting symbol font `symbols' in version `normal'
(Font)                  OMS/cmsy/m/n --> OMS/lmsy/m/n on input line 24.
LaTeX Font Info:    Overwriting symbol font `largesymbols' in version `normal'
(Font)                  OMX/cmex/m/n --> OMX/lmex/m/n on input line 25.
LaTeX Font Info:    Overwriting symbol font `operators' in version `bold'
(Font)                  OT1/cmr/bx/n --> OT1/lmr/bx/n on input line 26.
LaTeX Font Info:    Overwriting symbol font `letters' in version `bold'
(Font)                  OML/cmm/b/it --> OML/lmm/b/it on input line 27.
LaTeX Font Info:    Overwriting symbol font `symbols' in version `bold'
(Font)                  OMS/cmsy/b/n --> OMS/lmsy/b/n on input line 28.
LaTeX Font Info:    Overwriting symbol font `largesymbols' in version `bold'
(Font)                  OMX/cmex/m/n --> OMX/lmex/m/n on input line 29.
LaTeX Font Info:    Overwriting math alphabet `\mathbf' in version `normal'
(Font)                  OT1/cmr/bx/n --> OT1/lmr/bx/n on input line 31.
LaTeX Font Info:    Overwriting math alphabet `\mathsf' in version `normal'
(Font)                  OT1/cmss/m/n --> OT1/lmss/m/n on input line 32.
LaTeX Font Info:    Overwriting math alphabet `\mathit' in version `normal'
(Font)                  OT1/cmr/m/it --> OT1/lmr/m/it on input line 33.
LaTeX Font Info:    Overwriting math alphabet `\mathtt' in version `normal'
(Font)                  OT1/cmtt/m/n --> OT1/lmtt/m/n on input line 34.
LaTeX Font Info:    Overwriting math alphabet `\mathbf' in version `bold'
(Font)                  OT1/cmr/bx/n --> OT1/lmr/bx/n on input line 35.
LaTeX Font Info:    Overwriting math alphabet `\mathsf' in version `bold'
(Font)                  OT1/cmss/bx/n --> OT1/lmss/bx/n on input line 36.
LaTeX Font Info:    Overwriting math alphabet `\mathit' in version `bold'
(Font)                  OT1/cmr/bx/it --> OT1/lmr/bx/it on input line 37.
LaTeX Font Info:    Overwriting math alphabet `\mathtt' in version `bold'
(Font)                  OT1/cmtt/m/n --> OT1/lmtt/m/n on input line 38.
)
(/usr/local/texlive/2011/texmf-dist/tex/latex/doublestroke/dsfont.sty
Package: dsfont 1995/08/01 v0.1 Double stroke roman fonts
)
(/usr/local/texlive/2011/texmf-dist/tex/latex/base/fontenc.sty
Package: fontenc 2005/09/27 v1.99g Standard LaTeX package

(/usr/local/texlive/2011/texmf-dist/tex/latex/base/t1enc.def
File: t1enc.def 2005/09/27 v1.99g Standard LaTeX file
LaTeX Font Info:    Redeclaring font encoding T1 on input line 43.
))
(/usr/local/texlive/2011/texmf-dist/tex/latex/base/textcomp.sty
Package: textcomp 2005/09/27 v1.99g Standard LaTeX package
Package textcomp Info: Sub-encoding information:
(textcomp)               5 = only ISO-Adobe without \textcurrency
(textcomp)               4 = 5 + \texteuro
(textcomp)               3 = 4 + \textohm
(textcomp)               2 = 3 + \textestimated + \textcurrency
(textcomp)               1 = TS1 - \textcircled - \t
(textcomp)               0 = TS1 (full)
(textcomp)             Font families with sub-encoding setting implement
(textcomp)             only a restricted character set as indicated.
(textcomp)             Family '?' is the default used for unknown fonts.
(textcomp)             See the documentation for details.
Package textcomp Info: Setting ? sub-encoding to TS1/1 on input line 71.

(/usr/local/texlive/2011/texmf-dist/tex/latex/base/ts1enc.def
File: ts1enc.def 2001/06/05 v3.0e (jk/car/fm) Standard LaTeX file
)
LaTeX Info: Redefining \oldstylenums on input line 266.
Package textcomp Info: Setting cmr sub-encoding to TS1/0 on input line 281.
Package textcomp Info: Setting cmss sub-encoding to TS1/0 on input line 282.
Package textcomp Info: Setting cmtt sub-encoding to TS1/0 on input line 283.
Package textcomp Info: Setting cmvtt sub-encoding to TS1/0 on input line 284.
Package textcomp Info: Setting cmbr sub-encoding to TS1/0 on input line 285.
Package textcomp Info: Setting cmtl sub-encoding to TS1/0 on input line 286.
Package textcomp Info: Setting ccr sub-encoding to TS1/0 on input line 287.
Package textcomp Info: Setting ptm sub-encoding to TS1/4 on input line 288.
Package textcomp Info: Setting pcr sub-encoding to TS1/4 on input line 289.
Package textcomp Info: Setting phv sub-encoding to TS1/4 on input line 290.
Package textcomp Info: Setting ppl sub-encoding to TS1/3 on input line 291.
Package textcomp Info: Setting pag sub-encoding to TS1/4 on input line 292.
Package textcomp Info: Setting pbk sub-encoding to TS1/4 on input line 293.
Package textcomp Info: Setting pnc sub-encoding to TS1/4 on input line 294.
Package textcomp Info: Setting pzc sub-encoding to TS1/4 on input line 295.
Package textcomp Info: Setting bch sub-encoding to TS1/4 on input line 296.
Package textcomp Info: Setting put sub-encoding to TS1/5 on input line 297.
Package textcomp Info: Setting uag sub-encoding to TS1/5 on input line 298.
Package textcomp Info: Setting ugq sub-encoding to TS1/5 on input line 299.
Package textcomp Info: Setting ul8 sub-encoding to TS1/4 on input line 300.
Package textcomp Info: Setting ul9 sub-encoding to TS1/4 on input line 301.
Package textcomp Info: Setting augie sub-encoding to TS1/5 on input line 302.
Package textcomp Info: Setting dayrom sub-encoding to TS1/3 on input line 303.
Package textcomp Info: Setting dayroms sub-encoding to TS1/3 on input line 304.

Package textcomp Info: Setting pxr sub-encoding to TS1/0 on input line 305.
Package textcomp Info: Setting pxss sub-encoding to TS1/0 on input line 306.
Package textcomp Info: Setting pxtt sub-encoding to TS1/0 on input line 307.
Package textcomp Info: Setting txr sub-encoding to TS1/0 on input line 308.
Package textcomp Info: Setting txss sub-encoding to TS1/0 on input line 309.
Package textcomp Info: Setting txtt sub-encoding to TS1/0 on input line 310.
Package textcomp Info: Setting futs sub-encoding to TS1/4 on input line 311.
Package textcomp Info: Setting futx sub-encoding to TS1/4 on input line 312.
Package textcomp Info: Setting futj sub-encoding to TS1/4 on input line 313.
Package textcomp Info: Setting hlh sub-encoding to TS1/3 on input line 314.
Package textcomp Info: Setting hls sub-encoding to TS1/3 on input line 315.
Package textcomp Info: Setting hlst sub-encoding to TS1/3 on input line 316.
Package textcomp Info: Setting hlct sub-encoding to TS1/5 on input line 317.
Package textcomp Info: Setting hlx sub-encoding to TS1/5 on input line 318.
Package textcomp Info: Setting hlce sub-encoding to TS1/5 on input line 319.
Package textcomp Info: Setting hlcn sub-encoding to TS1/5 on input line 320.
Package textcomp Info: Setting hlcw sub-encoding to TS1/5 on input line 321.
Package textcomp Info: Setting hlcf sub-encoding to TS1/5 on input line 322.
Package textcomp Info: Setting pplx sub-encoding to TS1/3 on input line 323.
Package textcomp Info: Setting pplj sub-encoding to TS1/3 on input line 324.
Package textcomp Info: Setting ptmx sub-encoding to TS1/4 on input line 325.
Package textcomp Info: Setting ptmj sub-encoding to TS1/4 on input line 326.
)
(/usr/local/texlive/2011/texmf-dist/tex/latex/amsmath/amstext.sty
Package: amstext 2000/06/29 v2.01

(/usr/local/texlive/2011/texmf-dist/tex/latex/amsmath/amsgen.sty
File: amsgen.sty 1999/11/30 v2.0
\@emptytoks=\toks16
\ex@=\dimen103
))
(/usr/local/texlive/2011/texmf-dist/tex/latex/graphics/graphicx.sty
Package: graphicx 1999/02/16 v1.0f Enhanced LaTeX Graphics (DPC,SPQR)

(/usr/local/texlive/2011/texmf-dist/tex/latex/graphics/keyval.sty
Package: keyval 1999/03/16 v1.13 key=value parser (DPC)
\KV@toks@=\toks17
)
(/usr/local/texlive/2011/texmf-dist/tex/latex/graphics/graphics.sty
Package: graphics 2009/02/05 v1.0o Standard LaTeX Graphics (DPC,SPQR)

(/usr/local/texlive/2011/texmf-dist/tex/latex/graphics/trig.sty
Package: trig 1999/03/16 v1.09 sin cos tan (DPC)
)
(/usr/local/texlive/2011/texmf-dist/tex/latex/latexconfig/graphics.cfg
File: graphics.cfg 2010/04/23 v1.9 graphics configuration of TeX Live
)
Package graphics Info: Driver file: pdftex.def on input line 91.

(/usr/local/texlive/2011/texmf-dist/tex/latex/pdftex-def/pdftex.def
File: pdftex.def 2011/05/27 v0.06d Graphics/color for pdfTeX

(/usr/local/texlive/2011/texmf-dist/tex/generic/oberdiek/infwarerr.sty
Package: infwarerr 2010/04/08 v1.3 Providing info/warning/message (HO)
)
(/usr/local/texlive/2011/texmf-dist/tex/generic/oberdiek/ltxcmds.sty
Package: ltxcmds 2011/04/18 v1.20 LaTeX kernel commands for general use (HO)
)
\Gread@gobject=\count87
))
\Gin@req@height=\dimen104
\Gin@req@width=\dimen105
)
(/usr/local/texlive/2011/texmf-dist/tex/latex/xcolor/xcolor.sty
Package: xcolor 2007/01/21 v2.11 LaTeX color extensions (UK)

(/usr/local/texlive/2011/texmf-dist/tex/latex/latexconfig/color.cfg
File: color.cfg 2007/01/18 v1.5 color configuration of teTeX/TeXLive
)
Package xcolor Info: Driver file: pdftex.def on input line 225.
Package xcolor Info: Model `cmy' substituted by `cmy0' on input line 1337.
Package xcolor Info: Model `hsb' substituted by `rgb' on input line 1341.
Package xcolor Info: Model `RGB' extended on input line 1353.
Package xcolor Info: Model `HTML' substituted by `rgb' on input line 1355.
Package xcolor Info: Model `Hsb' substituted by `hsb' on input line 1356.
Package xcolor Info: Model `tHsb' substituted by `hsb' on input line 1357.
Package xcolor Info: Model `HSB' substituted by `hsb' on input line 1358.
Package xcolor Info: Model `Gray' substituted by `gray' on input line 1359.
Package xcolor Info: Model `wave' substituted by `hsb' on input line 1360.
)
(/usr/local/texlive/2011/texmf-dist/tex/latex/mhchem/mhchem.sty
Package: mhchem 2011/04/29 v3.10 for typesetting chemical formulae

(/usr/local/texlive/2011/texmf-dist/tex/latex/base/ifthen.sty
Package: ifthen 2001/05/26 v1.1c Standard LaTeX ifthen package (DPC)
)
(/usr/local/texlive/2011/texmf-dist/tex/latex/tools/calc.sty
Package: calc 2007/08/22 v4.3 Infix arithmetic (KKT,FJ)
\calc@Acount=\count88
\calc@Bcount=\count89
\calc@Adimen=\dimen106
\calc@Bdimen=\dimen107
\calc@Askip=\skip43
\calc@Bskip=\skip44
LaTeX Info: Redefining \setlength on input line 76.
LaTeX Info: Redefining \addtolength on input line 77.
\calc@Ccount=\count90
\calc@Cskip=\skip45
)
(/usr/local/texlive/2011/texmf-dist/tex/latex/oberdiek/twoopt.sty
Package: twoopt 2008/08/11 v1.5 Definitions with two optional arguments (HO)
)
(/usr/local/texlive/2011/texmf-dist/tex/latex/amsmath/amsmath.sty
Package: amsmath 2000/07/18 v2.13 AMS math features
\@mathmargin=\skip46

For additional information on amsmath, use the `?' option.
(/usr/local/texlive/2011/texmf-dist/tex/latex/amsmath/amsbsy.sty
Package: amsbsy 1999/11/29 v1.2d
\pmbraise@=\dimen108
)
(/usr/local/texlive/2011/texmf-dist/tex/latex/amsmath/amsopn.sty
Package: amsopn 1999/12/14 v2.01 operator names
)
\inf@bad=\count91
LaTeX Info: Redefining \frac on input line 211.
\uproot@=\count92
\leftroot@=\count93
LaTeX Info: Redefining \overline on input line 307.
\classnum@=\count94
\DOTSCASE@=\count95
LaTeX Info: Redefining \ldots on input line 379.
LaTeX Info: Redefining \dots on input line 382.
LaTeX Info: Redefining \cdots on input line 467.
\Mathstrutbox@=\box26
\strutbox@=\box27
\big@size=\dimen109
LaTeX Font Info:    Redeclaring font encoding OML on input line 567.
LaTeX Font Info:    Redeclaring font encoding OMS on input line 568.
\macc@depth=\count96
\c@MaxMatrixCols=\count97
\dotsspace@=\muskip10
\c@parentequation=\count98
\dspbrk@lvl=\count99
\tag@help=\toks18
\row@=\count100
\column@=\count101
\maxfields@=\count102
\andhelp@=\toks19
\eqnshift@=\dimen110
\alignsep@=\dimen111
\tagshift@=\dimen112
\tagwidth@=\dimen113
\totwidth@=\dimen114
\lineht@=\dimen115
\@envbody=\toks20
\multlinegap=\skip47
\multlinetaggap=\skip48
\mathdisplay@stack=\toks21
LaTeX Info: Redefining \[ on input line 2666.
LaTeX Info: Redefining \] on input line 2667.
)
\tok@mhchem@ce@iii=\toks22
\mhchem@arrowminlength=\skip49
\mhchem@arrows@box=\box28
\mhchem@arrowlength@pgf=\skip50
\mhchem@arrowminlength@pgf=\skip51
\mhchem@bondwidth=\skip52
\mhchem@bondheight=\skip53
\mhchem@smallbondwidth@tmpA=\skip54
\mhchem@smallbondwidth@tmpB=\skip55
\mhchem@smallbondwidth=\skip56
\mhchem@cf@result=\toks23
\mhchem@cf@element=\toks24
\mhchem@cf@amount=\toks25
\mhchem@cf@sup=\toks26
\mhchem@cf@presub=\toks27
\mhchem@cf@presup=\toks28
\mhchem@cf@replaceMath@result=\toks29
\mhchem@cf@replaceMathMinusDot@result=\toks30
\mhchem@prepostscript@tmp@i=\skip57
\mhchem@prepostscript@tmp@ii=\skip58
\mhchem@mathbox@tmp@i=\skip59
\mhchem@mathbox@tmp@ii=\skip60
\mhchem@minispace@tmp=\skip61
\mhchem@option@minussidebearingleft=\skip62
\mhchem@option@minussidebearingright=\skip63
)

LaTeX Warning: Unused global option(s):
    [german].

(./main.aux)
\openout1 = `main.aux'.

LaTeX Font Info:    Checking defaults for OML/cmm/m/it on input line 29.
LaTeX Font Info:    ... okay on input line 29.
LaTeX Font Info:    Checking defaults for T1/cmr/m/n on input line 29.
LaTeX Font Info:    ... okay on input line 29.
LaTeX Font Info:    Checking defaults for OT1/cmr/m/n on input line 29.
LaTeX Font Info:    ... okay on input line 29.
LaTeX Font Info:    Checking defaults for OMS/cmsy/m/n on input line 29.
LaTeX Font Info:    ... okay on input line 29.
LaTeX Font Info:    Checking defaults for OMX/cmex/m/n on input line 29.
LaTeX Font Info:    ... okay on input line 29.
LaTeX Font Info:    Checking defaults for U/cmr/m/n on input line 29.
LaTeX Font Info:    ... okay on input line 29.
LaTeX Font Info:    Checking defaults for TS1/cmr/m/n on input line 29.
LaTeX Font Info:    Try loading font information for TS1+cmr on input line 29.
 (/usr/local/texlive/2011/texmf-dist/tex/latex/base/ts1cmr.fd
File: ts1cmr.fd 1999/05/25 v2.5h Standard LaTeX font definitions
)
LaTeX Font Info:    ... okay on input line 29.
LaTeX Font Info:    Try loading font information for T1+lmr on input line 29.

(/usr/local/texlive/2011/texmf-dist/tex/latex/lm/t1lmr.fd
File: t1lmr.fd 2009/10/30 v1.6 Font defs for Latin Modern
)
(/usr/local/texlive/2011/texmf-dist/tex/context/base/supp-pdf.mkii
[Loading MPS to PDF converter (version 2006.09.02).]
\scratchcounter=\count103
\scratchdimen=\dimen116
\scratchbox=\box29
\nofMPsegments=\count104
\nofMParguments=\count105
\everyMPshowfont=\toks31
\MPscratchCnt=\count106
\MPscratchDim=\dimen117
\MPnumerator=\count107
\makeMPintoPDFobject=\count108
\everyMPtoPDFconversion=\toks32
) (/usr/local/texlive/2011/texmf-dist/tex/generic/oberdiek/pdftexcmds.sty
Package: pdftexcmds 2011/04/22 v0.16 Utilities of pdfTeX for LuaTeX (HO)

(/usr/local/texlive/2011/texmf-dist/tex/generic/oberdiek/ifluatex.sty
Package: ifluatex 2010/03/01 v1.3 Provides the ifluatex switch (HO)
Package ifluatex Info: LuaTeX not detected.
)
(/usr/local/texlive/2011/texmf-dist/tex/generic/oberdiek/ifpdf.sty
Package: ifpdf 2011/01/30 v2.3 Provides the ifpdf switch (HO)
Package ifpdf Info: pdfTeX in PDF mode is detected.
)
Package pdftexcmds Info: LuaTeX not detected.
Package pdftexcmds Info: \pdf@primitive is available.
Package pdftexcmds Info: \pdf@ifprimitive is available.
Package pdftexcmds Info: \pdfdraftmode found.
)
(/usr/local/texlive/2011/texmf-dist/tex/latex/oberdiek/epstopdf-base.sty
Package: epstopdf-base 2010/02/09 v2.5 Base part for package epstopdf

(/usr/local/texlive/2011/texmf-dist/tex/latex/oberdiek/grfext.sty
Package: grfext 2010/08/19 v1.1 Managing graphics extensions (HO)

(/usr/local/texlive/2011/texmf-dist/tex/generic/oberdiek/kvdefinekeys.sty
Package: kvdefinekeys 2011/04/07 v1.3 Defining keys (HO)
))
(/usr/local/texlive/2011/texmf-dist/tex/latex/oberdiek/kvoptions.sty
Package: kvoptions 2010/12/23 v3.10 Keyval support for LaTeX options (HO)

(/usr/local/texlive/2011/texmf-dist/tex/generic/oberdiek/kvsetkeys.sty
Package: kvsetkeys 2011/04/07 v1.13 Key value parser (HO)

(/usr/local/texlive/2011/texmf-dist/tex/generic/oberdiek/etexcmds.sty
Package: etexcmds 2011/02/16 v1.5 Prefix for e-TeX command names (HO)
Package etexcmds Info: Could not find \expanded.
(etexcmds)             That can mean that you are not using pdfTeX 1.50 or
(etexcmds)             that some package has redefined \expanded.
(etexcmds)             In the latter case, load this package earlier.
)))
Package grfext Info: Graphics extension search list:
(grfext)             [.png,.pdf,.jpg,.mps,.jpeg,.jbig2,.jb2,.PNG,.PDF,.JPG,.JPE
G,.JBIG2,.JB2,.eps]
(grfext)             \AppendGraphicsExtensions on input line 452.

(/usr/local/texlive/2011/texmf-dist/tex/latex/latexconfig/epstopdf-sys.cfg
File: epstopdf-sys.cfg 2010/07/13 v1.3 Configuration of (r)epstopdf for TeX Liv
e
))
LaTeX Font Info:    Try loading font information for OT1+lmr on input line 39.

(/usr/local/texlive/2011/texmf-dist/tex/latex/lm/ot1lmr.fd
File: ot1lmr.fd 2009/10/30 v1.6 Font defs for Latin Modern
)
LaTeX Font Info:    Try loading font information for OML+lmm on input line 39.

(/usr/local/texlive/2011/texmf-dist/tex/latex/lm/omllmm.fd
File: omllmm.fd 2009/10/30 v1.6 Font defs for Latin Modern
)
LaTeX Font Info:    Try loading font information for OMS+lmsy on input line 39.


(/usr/local/texlive/2011/texmf-dist/tex/latex/lm/omslmsy.fd
File: omslmsy.fd 2009/10/30 v1.6 Font defs for Latin Modern
)
LaTeX Font Info:    Try loading font information for OMX+lmex on input line 39.


(/usr/local/texlive/2011/texmf-dist/tex/latex/lm/omxlmex.fd
File: omxlmex.fd 2009/10/30 v1.6 Font defs for Latin Modern
)
LaTeX Font Info:    External font `lmex10' loaded for size
(Font)              <10> on input line 39.
LaTeX Font Info:    External font `lmex10' loaded for size
(Font)              <7> on input line 39.
LaTeX Font Info:    External font `lmex10' loaded for size
(Font)              <5> on input line 39.
LaTeX Info: Redefining \bond on input line 39.
LaTeX Info: Redefining \dbond on input line 39.
LaTeX Info: Redefining \tbond on input line 39.
LaTeX Info: Redefining \bond on input line 40.
LaTeX Info: Redefining \dbond on input line 40.
LaTeX Info: Redefining \tbond on input line 40.
LaTeX Info: Redefining \bond on input line 40.
LaTeX Info: Redefining \dbond on input line 40.
LaTeX Info: Redefining \tbond on input line 40.
LaTeX Info: Redefining \bond on input line 40.
LaTeX Info: Redefining \dbond on input line 40.
LaTeX Info: Redefining \tbond on input line 40.
LaTeX Info: Redefining \bond on input line 40.
LaTeX Info: Redefining \dbond on input line 40.
LaTeX Info: Redefining \tbond on input line 40.
LaTeX Info: Redefining \bond on input line 42.
LaTeX Info: Redefining \dbond on input line 42.
LaTeX Info: Redefining \tbond on input line 42.
LaTeX Info: Redefining \bond on input line 43.
LaTeX Info: Redefining \dbond on input line 43.
LaTeX Info: Redefining \tbond on input line 43.
LaTeX Info: Redefining \bond on input line 44.
LaTeX Info: Redefining \dbond on input line 44.
LaTeX Info: Redefining \tbond on input line 44.
LaTeX Info: Redefining \bond on input line 50.
LaTeX Info: Redefining \dbond on input line 50.
LaTeX Info: Redefining \tbond on input line 50.
LaTeX Info: Redefining \bond on input line 50.
LaTeX Info: Redefining \dbond on input line 50.
LaTeX Info: Redefining \tbond on input line 50.
LaTeX Info: Redefining \bond on input line 50.
LaTeX Info: Redefining \dbond on input line 50.
LaTeX Info: Redefining \tbond on input line 50.
LaTeX Info: Redefining \bond on input line 50.
LaTeX Info: Redefining \dbond on input line 50.
LaTeX Info: Redefining \tbond on input line 50.
LaTeX Info: Redefining \bond on input line 50.
LaTeX Info: Redefining \dbond on input line 50.
LaTeX Info: Redefining \tbond on input line 50.
LaTeX Info: Redefining \bond on input line 50.
LaTeX Info: Redefining \dbond on input line 50.
LaTeX Info: Redefining \tbond on input line 50.
LaTeX Info: Redefining \bond on input line 50.
LaTeX Info: Redefining \dbond on input line 50.
LaTeX Info: Redefining \tbond on input line 50.
LaTeX Info: Redefining \bond on input line 50.
LaTeX Info: Redefining \dbond on input line 50.
LaTeX Info: Redefining \tbond on input line 50.
LaTeX Info: Redefining \bond on input line 50.
LaTeX Info: Redefining \dbond on input line 50.
LaTeX Info: Redefining \tbond on input line 50.
LaTeX Info: Redefining \bond on input line 50.
LaTeX Info: Redefining \dbond on input line 50.
LaTeX Info: Redefining \tbond on input line 50.

Underfull \hbox (badness 10000) in paragraph at lines 53--56

 []


Underfull \hbox (badness 10000) in paragraph at lines 53--56

 []

LaTeX Info: Redefining \bond on input line 57.
LaTeX Info: Redefining \dbond on input line 57.
LaTeX Info: Redefining \tbond on input line 57.
LaTeX Info: Redefining \bond on input line 58.
LaTeX Info: Redefining \dbond on input line 58.
LaTeX Info: Redefining \tbond on input line 58.
LaTeX Info: Redefining \bond on input line 59.
LaTeX Info: Redefining \dbond on input line 59.
LaTeX Info: Redefining \tbond on input line 59.
LaTeX Info: Redefining \bond on input line 60.
LaTeX Info: Redefining \dbond on input line 60.
LaTeX Info: Redefining \tbond on input line 60.

Underfull \hbox (badness 10000) in paragraph at lines 57--61

 []

LaTeX Info: Redefining \bond on input line 62.
LaTeX Info: Redefining \dbond on input line 62.
LaTeX Info: Redefining \tbond on input line 62.
LaTeX Info: Redefining \bond on input line 63.
LaTeX Info: Redefining \dbond on input line 63.
LaTeX Info: Redefining \tbond on input line 63.
LaTeX Info: Redefining \bond on input line 63.
LaTeX Info: Redefining \dbond on input line 63.
LaTeX Info: Redefining \tbond on input line 63.

LaTeX Warning: Command \" invalid in math mode on input line 68.

LaTeX Info: Redefining \bond on input line 72.
LaTeX Info: Redefining \dbond on input line 72.
LaTeX Info: Redefining \tbond on input line 72.
LaTeX Info: Redefining \bond on input line 73.
LaTeX Info: Redefining \dbond on input line 73.
LaTeX Info: Redefining \tbond on input line 73.
LaTeX Info: Redefining \bond on input line 73.
LaTeX Info: Redefining \dbond on input line 73.
LaTeX Info: Redefining \tbond on input line 73.
LaTeX Info: Redefining \bond on input line 73.
LaTeX Info: Redefining \dbond on input line 73.
LaTeX Info: Redefining \tbond on input line 73.
LaTeX Info: Redefining \bond on input line 73.
LaTeX Info: Redefining \dbond on input line 73.
LaTeX Info: Redefining \tbond on input line 73.
LaTeX Info: Redefining \bond on input line 73.
LaTeX Info: Redefining \dbond on input line 73.
LaTeX Info: Redefining \tbond on input line 73.
LaTeX Info: Redefining \bond on input line 74.
LaTeX Info: Redefining \dbond on input line 74.
LaTeX Info: Redefining \tbond on input line 74.
LaTeX Info: Redefining \bond on input line 74.
LaTeX Info: Redefining \dbond on input line 74.
LaTeX Info: Redefining \tbond on input line 74.
LaTeX Info: Redefining \bond on input line 76.
LaTeX Info: Redefining \dbond on input line 76.
LaTeX Info: Redefining \tbond on input line 76.
LaTeX Info: Redefining \bond on input line 76.
LaTeX Info: Redefining \dbond on input line 76.
LaTeX Info: Redefining \tbond on input line 76.
LaTeX Info: Redefining \bond on input line 77.
LaTeX Info: Redefining \dbond on input line 77.
LaTeX Info: Redefining \tbond on input line 77.

Overfull \hbox (0.24957pt too wide) in paragraph at lines 71--78
\T1/lmr/m/n/10 Wie viel Mol []$[]$[] wer-den benötigt, um mit 0.300 mol []$[]$[
] zu reagieren? 
 []


Overfull \hbox (5.11096pt too wide) in paragraph at lines 71--78
\T1/lmr/m/n/10 Wieviel g []$[]$[] wer-den gebildet, wenn 10 g []$[]$[] mit 85.4
 g []$[]$[] reagieren? 
 []

LaTeX Info: Redefining \bond on input line 82.
LaTeX Info: Redefining \dbond on input line 82.
LaTeX Info: Redefining \tbond on input line 82.
LaTeX Info: Redefining \bond on input line 85.
LaTeX Info: Redefining \dbond on input line 85.
LaTeX Info: Redefining \tbond on input line 85.
LaTeX Info: Redefining \bond on input line 86.
LaTeX Info: Redefining \dbond on input line 86.
LaTeX Info: Redefining \tbond on input line 86.

Underfull \hbox (badness 10000) in paragraph at lines 85--87

 []

LaTeX Info: Redefining \bond on input line 88.
LaTeX Info: Redefining \dbond on input line 88.
LaTeX Info: Redefining \tbond on input line 88.
LaTeX Info: Redefining \bond on input line 89.
LaTeX Info: Redefining \dbond on input line 89.
LaTeX Info: Redefining \tbond on input line 89.

Underfull \hbox (badness 10000) in paragraph at lines 88--90

 []

LaTeX Info: Redefining \bond on input line 91.
LaTeX Info: Redefining \dbond on input line 91.
LaTeX Info: Redefining \tbond on input line 91.
LaTeX Info: Redefining \bond on input line 92.
LaTeX Info: Redefining \dbond on input line 92.
LaTeX Info: Redefining \tbond on input line 92.
LaTeX Info: Redefining \bond on input line 92.
LaTeX Info: Redefining \dbond on input line 92.
LaTeX Info: Redefining \tbond on input line 92.

Underfull \hbox (badness 10000) in paragraph at lines 91--93

 []

LaTeX Info: Redefining \bond on input line 100.
LaTeX Info: Redefining \dbond on input line 100.
LaTeX Info: Redefining \tbond on input line 100.
LaTeX Info: Redefining \bond on input line 100.
LaTeX Info: Redefining \dbond on input line 100.
LaTeX Info: Redefining \tbond on input line 100.
[1

{/usr/local/texlive/2011/texmf-var/fonts/map/pdftex/updmap/pdftex.map}]
LaTeX Info: Redefining \bond on input line 108.
LaTeX Info: Redefining \dbond on input line 108.
LaTeX Info: Redefining \tbond on input line 108.
LaTeX Info: Redefining \bond on input line 108.
LaTeX Info: Redefining \dbond on input line 108.
LaTeX Info: Redefining \tbond on input line 108.
LaTeX Info: Redefining \bond on input line 108.
LaTeX Info: Redefining \dbond on input line 108.
LaTeX Info: Redefining \tbond on input line 108.
LaTeX Info: Redefining \bond on input line 108.
LaTeX Info: Redefining \dbond on input line 108.
LaTeX Info: Redefining \tbond on input line 108.
LaTeX Info: Redefining \bond on input line 108.
LaTeX Info: Redefining \dbond on input line 108.
LaTeX Info: Redefining \tbond on input line 108.
LaTeX Info: Redefining \bond on input line 108.
LaTeX Info: Redefining \dbond on input line 108.
LaTeX Info: Redefining \tbond on input line 108.
LaTeX Info: Redefining \bond on input line 108.
LaTeX Info: Redefining \dbond on input line 108.
LaTeX Info: Redefining \tbond on input line 108.
LaTeX Info: Redefining \bond on input line 111.
LaTeX Info: Redefining \dbond on input line 111.
LaTeX Info: Redefining \tbond on input line 111.
LaTeX Info: Redefining \bond on input line 112.
LaTeX Info: Redefining \dbond on input line 112.
LaTeX Info: Redefining \tbond on input line 112.

Underfull \hbox (badness 10000) in paragraph at lines 111--113

 []

LaTeX Info: Redefining \bond on input line 114.
LaTeX Info: Redefining \dbond on input line 114.
LaTeX Info: Redefining \tbond on input line 114.
LaTeX Info: Redefining \bond on input line 115.
LaTeX Info: Redefining \dbond on input line 115.
LaTeX Info: Redefining \tbond on input line 115.

Underfull \hbox (badness 10000) in paragraph at lines 114--116

 []

LaTeX Font Info:    Try loading font information for TS1+lmr on input line 135.

(/usr/local/texlive/2011/texmf-dist/tex/latex/lm/ts1lmr.fd
File: ts1lmr.fd 2009/10/30 v1.6 Font defs for Latin Modern
) [2]
Overfull \hbox (27.4325pt too wide) in paragraph at lines 160--166
[]\T1/lmr/m/n/10 Methylhydrazin, ein Rake-ten-treib-stoff, ver-brennt nach der 
Gle-ichung: $\OT1/lmr/m/n/10 2\OML/lmm/m/it/10 C[]N[] \OT1/lmr/m/n/10 +
 []


LaTeX Warning: Command \textdegree invalid in math mode on input line 172.


LaTeX Warning: Command \textdegree invalid in math mode on input line 172.


LaTeX Warning: Command \textdegree invalid in math mode on input line 173.


LaTeX Warning: Command \textdegree invalid in math mode on input line 173.


LaTeX Warning: Command \textdegree invalid in math mode on input line 174.


LaTeX Warning: Command \textdegree invalid in math mode on input line 174.


LaTeX Warning: Command \textdegree invalid in math mode on input line 181.


LaTeX Warning: Command \textdegree invalid in math mode on input line 181.


LaTeX Warning: Command \textdegree invalid in math mode on input line 182.


LaTeX Warning: Command \textdegree invalid in math mode on input line 182.


LaTeX Warning: Command \textdegree invalid in math mode on input line 183.


LaTeX Warning: Command \textdegree invalid in math mode on input line 183.


Overfull \hbox (27.55392pt too wide) in paragraph at lines 179--184
\T1/lmr/m/n/10 Wie viel En-ergie wird beim Ver-bren-nen von 19.00 g Methan frei
? $\OT1/lmr/m/n/10 (^^A\OML/lmm/m/it/10 H\OT1/lmr/m/n/10 °[](\OML/lmm/m/it/10 C
O[]\OT1/lmr/m/n/10 ) =
 []


LaTeX Warning: Command \textdegree invalid in math mode on input line 193.


LaTeX Warning: Command \textdegree invalid in math mode on input line 193.


LaTeX Warning: Command \textdegree invalid in math mode on input line 194.


LaTeX Warning: Command \textdegree invalid in math mode on input line 194.


Overfull \hbox (7.99313pt too wide) in paragraph at lines 188--195
\T1/lmr/m/n/10 thalpie von Ethanol. ( $\OT1/lmr/m/n/10 ^^A\OML/lmm/m/it/10 H\OT
1/lmr/m/n/10 °[](\OML/lmm/m/it/10 CO[]\OT1/lmr/m/n/10 ) = \OMS/lmsy/m/n/10 ^^@\
OT1/lmr/m/n/10 393\OML/lmm/m/it/10 :\OT1/lmr/m/n/10 5\OML/lmm/m/it/10 kJ$\T1/lm
r/m/n/10 ; $\OT1/lmr/m/n/10 ^^A\OML/lmm/m/it/10 H\OT1/lmr/m/n/10 °[](\OML/lmm/m
/it/10 H[]O\OT1/lmr/m/n/10 ) = \OMS/lmsy/m/n/10 ^^@\OT1/lmr/m/n/10 285\OML/lmm/
m/it/10 :\OT1/lmr/m/n/10 8\OML/lmm/m/it/10 kJ$\T1/lmr/m/n/10 ) 
 []

[3]
Overfull \hbox (11.52014pt too wide) in paragraph at lines 230--232
[]\T1/lmr/m/n/10 Orden sie die fol-gen-den El-e-mente nach ihrem Schmelzpunkt: 
$\OML/lmm/m/it/10 K; Br[]; Mg; O[]$\T1/lmr/m/n/10 .
 []

[4] [5]
Overfull \hbox (1.68457pt too wide) in paragraph at lines 326--328
[]\T1/lmr/m/n/10 Zeichnen und beschreiben Sie das Phasendi-a-gramm von Wasser. 
Definieren
 []

[6] [7]
Overfull \hbox (1.66565pt too wide) in paragraph at lines 383--405
[] 
 []


Overfull \hbox (1.99103pt too wide) in paragraph at lines 383--405
\T1/lmr/m/n/10 Wie lautet das Geschwindigkeits-gestz für die Reak-tion? Was ist
 die Gesam-
 []

[8]

LaTeX Warning: Command \textdegree invalid in math mode on input line 494.


LaTeX Warning: Command \textdegree invalid in math mode on input line 494.

[9] [10] <1.pdf, id=46, 91.43901pt x 60.88336pt>
File: 1.pdf Graphic file (type pdf)
 <use 1.pdf>
Package pdftex.def Info: 1.pdf used on input line 526.
(pdftex.def)             Requested size: 91.43878pt x 60.8832pt.

<2.pdf, id=47, 95.69983pt x 68.71672pt>
File: 2.pdf Graphic file (type pdf)
 <use 2.pdf>
Package pdftex.def Info: 2.pdf used on input line 548.
(pdftex.def)             Requested size: 95.69958pt x 68.71654pt.
 [11 <./1.pdf> <./2.pdf>]
Overfull \hbox (17.87302pt too wide) in paragraph at lines 586--589
\OT1/lmr/m/n/10 5\OML/lmm/m/it/10 ; \OT1/lmr/m/n/10 0 \OMS/lmsy/m/n/10 ^^C \OT1
/lmr/m/n/10 10[]$ $\OML/lmm/m/it/10 mol=L$ $Na[]SO[]$ \T1/lmr/m/n/10 ein Nieder
-schlag? $\OT1/lmr/m/n/10 (\OML/lmm/m/it/10 KLPbSO[] \OT1/lmr/m/n/10 = 6\OML/lm
m/m/it/10 ; \OT1/lmr/m/n/10 3 \OMS/lmsy/m/n/10 ^^C \OT1/lmr/m/n/10 10[]\OML/lmm
/m/it/10 mol[]=L[]\OT1/lmr/m/n/10 )$ 
 []

[12] [13]
LaTeX Info: Redefining \bond on input line 680.
LaTeX Info: Redefining \dbond on input line 680.
LaTeX Info: Redefining \tbond on input line 680.
 [14]
Overfull \hbox (6.11102pt too wide) in paragraph at lines 777--778
[]\T1/lmr/m/n/10 Welche Konzen-tra-tionsangaben ken-nen Sie und wie sind sie je
w-eils definiert? 
 []

[15] [16] (./main.aux) ) 
Here is how much of TeX's memory you used:
 3744 strings out of 493633
 53041 string characters out of 3143378
 127037 words of memory out of 3000000
 6963 multiletter control sequences out of 15000+200000
 28472 words of font info for 32 fonts, out of 3000000 for 9000
 831 hyphenation exceptions out of 8191
 38i,17n,55p,237b,362s stack positions out of 5000i,500n,10000p,200000b,50000s
{/usr/local/texlive/2011/texmf-dist/fonts/enc/dvips/lm/
lm-ts1.enc}{/usr/local/texlive/2011/texmf-dist/fonts/enc/dvips/lm/lm-mathsy.enc
}{/usr/local/texlive/2011/texmf-dist/fonts/enc/dvips/lm/lm-mathit.enc}{/usr/loc
al/texlive/2011/texmf-dist/fonts/enc/dvips/lm/lm-rm.enc}{/usr/local/texlive/201
1/texmf-dist/fonts/enc/dvips/lm/lm-ec.enc}</usr/local/texlive/2011/texmf-dist/f
onts/type1/public/lm/lmbx10.pfb></usr/local/texlive/2011/texmf-dist/fonts/type1
/public/lm/lmmi10.pfb></usr/local/texlive/2011/texmf-dist/fonts/type1/public/lm
/lmmi5.pfb></usr/local/texlive/2011/texmf-dist/fonts/type1/public/lm/lmmi7.pfb>
</usr/local/texlive/2011/texmf-dist/fonts/type1/public/lm/lmr10.pfb></usr/local
/texlive/2011/texmf-dist/fonts/type1/public/lm/lmr5.pfb></usr/local/texlive/201
1/texmf-dist/fonts/type1/public/lm/lmr7.pfb></usr/local/texlive/2011/texmf-dist
/fonts/type1/public/lm/lmsy10.pfb></usr/local/texlive/2011/texmf-dist/fonts/typ
e1/public/lm/lmsy7.pfb>
Output written on main.pdf (16 pages, 265544 bytes).
PDF statistics:
 162 PDF objects out of 1000 (max. 8388607)
 115 compressed objects within 2 object streams
 0 named destinations out of 1000 (max. 500000)
 11 words of extra memory for PDF output out of 10000 (max. 10000000)

